TN:
SF:/home/kralleman/Programming/moto10/moto/proto_mega/src/proto_mov_motor.c
FN:33,proto_read_motor2
FN:56,proto_write_motor2
FN:83,createDefaultmove
FN:104,proto_write_motor
FN:113,proto_read_motor
FNDA:0,proto_read_motor2
FNDA:0,proto_write_motor2
FNDA:0,createDefaultmove
FNDA:0,proto_write_motor
FNDA:0,proto_read_motor
FNF:5
FNH:0
BRDA:34,0,0,-
BRDA:34,0,1,-
BRDA:57,0,0,-
BRDA:57,0,1,-
BRF:4
BRH:0
DA:33,0
DA:34,0
DA:35,0
DA:38,0
DA:39,0
DA:40,0
DA:41,0
DA:42,0
DA:43,0
DA:44,0
DA:45,0
DA:51,0
DA:56,0
DA:57,0
DA:58,0
DA:59,0
DA:60,0
DA:61,0
DA:62,0
DA:63,0
DA:64,0
DA:65,0
DA:66,0
DA:68,0
DA:69,0
DA:70,0
DA:71,0
DA:72,0
DA:73,0
DA:74,0
DA:75,0
DA:81,0
DA:83,0
DA:89,0
DA:91,0
DA:92,0
DA:93,0
DA:94,0
DA:95,0
DA:96,0
DA:97,0
DA:98,0
DA:101,0
DA:104,0
DA:105,0
DA:107,0
DA:112,0
DA:113,0
DA:114,0
DA:115,0
DA:117,0
DA:122,0
LF:52
LH:0
end_of_record
TN:
SF:/home/kralleman/Programming/moto10/moto/moto/test/cunit_master_test_suite.c
FN:16,check_add_ok
FN:26,main
FNDA:20,check_add_ok
FNDA:1,main
FNF:2
FNH:2
BRDA:18,0,1,20
BRDA:18,0,2,0
BRDA:29,9999,0,1
BRDA:29,9999,1,0
BRF:4
BRH:2
DA:16,20
DA:18,20
DA:19,20
DA:22,0
DA:24,20
DA:26,1
DA:28,1
DA:29,1
DA:30,1
DA:33,0
DA:41,1
DA:42,1
DA:44,1
DA:45,1
DA:47,1
DA:49,1
DA:51,1
DA:52,1
DA:54,1
DA:55,1
DA:58,1
DA:59,1
DA:61,1
DA:62,1
DA:64,1
DA:65,1
DA:67,1
DA:68,1
DA:70,1
DA:71,1
DA:75,1
DA:76,1
DA:79,1
DA:80,1
DA:82,1
DA:84,1
DA:89,1
DA:90,1
DA:93,1
DA:95,1
DA:97,1
DA:99,1
DA:101,1
DA:103,1
DA:105,1
DA:107,1
DA:111,1
DA:112,1
DA:115,1
DA:117,1
DA:121,1
DA:122,1
DA:126,1
DA:127,1
LF:54
LH:52
end_of_record
TN:
SF:/home/kralleman/Programming/moto10/moto/proto_mega/src/proto_conn.c
FN:36,proto_read_navi_to_connectivity
FN:47,proto_send_navi_to_connectivity
FNDA:0,proto_read_navi_to_connectivity
FNDA:0,proto_send_navi_to_connectivity
FNF:2
FNH:0
DA:36,0
DA:38,0
DA:43,0
DA:47,0
DA:48,0
DA:50,0
DA:55,0
LF:7
LH:0
end_of_record
TN:
SF:/home/kralleman/Programming/moto10/moto/proto_mega/src/proto_move.c
FN:23,proto_write_direction
FN:34,proto_read_direction
FNDA:0,proto_write_direction
FNDA:0,proto_read_direction
FNF:2
FNH:0
DA:23,0
DA:24,0
DA:26,0
DA:31,0
DA:34,0
DA:36,0
DA:41,0
LF:7
LH:0
end_of_record
TN:
SF:/home/kralleman/Programming/moto10/moto/moto/src/moto_recv.c
FN:24,moto_recvMsg2
FNDA:0,moto_recvMsg2
FNF:1
FNH:0
DA:24,0
DA:26,0
LF:2
LH:0
end_of_record
TN:
SF:/home/kralleman/Programming/moto10/moto/proto_mega/src/proto_tint.c
FN:21,storeForTint
FN:36,retrieve
FN:41,flush
FNDA:0,storeForTint
FNDA:0,retrieve
FNDA:0,flush
FNF:3
FNH:0
BRDA:30,0,0,-
BRDA:30,0,1,-
BRDA:44,1,0,-
BRDA:44,1,1,-
BRF:4
BRH:0
DA:21,0
DA:24,0
DA:25,0
DA:26,0
DA:27,0
DA:28,0
DA:29,0
DA:30,0
DA:31,0
DA:33,0
DA:34,0
DA:36,0
DA:38,0
DA:41,0
DA:44,0
DA:46,0
DA:47,0
DA:48,0
DA:50,0
LF:19
LH:0
end_of_record
TN:
SF:/home/kralleman/Programming/moto10/moto/moto/src/moto_stubs.c
FN:18,analogWrite
FNDA:148,analogWrite
FNF:1
FNH:1
DA:18,148
DA:44,148
LF:2
LH:2
end_of_record
TN:
SF:/home/kralleman/Programming/moto10/moto/moto/src/moto_msg_handler.c
FN:25,examineID
FN:62,controlMotors
FN:119,specialMotorCommand
FNDA:27,examineID
FNDA:22,controlMotors
FNDA:7,specialMotorCommand
FNF:3
FNH:3
BRDA:31,0,0,1
BRDA:31,0,1,26
BRDA:43,0,0,1
BRDA:43,0,1,1
BRDA:43,0,2,20
BRDA:43,0,3,4
BRDA:67,0,0,12
BRDA:67,0,1,10
BRDA:67,1,2,7
BRDA:67,1,3,5
BRDA:68,0,0,2
BRDA:68,0,1,5
BRDA:70,0,0,2
BRDA:70,0,1,5
BRDA:72,0,0,3
BRDA:72,0,1,4
BRDA:74,0,0,4
BRDA:74,0,1,3
BRDA:80,0,0,12
BRDA:80,0,1,10
BRDA:80,1,2,5
BRDA:80,1,3,7
BRDA:81,0,0,2
BRDA:81,0,1,3
BRDA:83,0,0,2
BRDA:83,0,1,3
BRDA:85,0,0,2
BRDA:85,0,1,3
BRDA:87,0,0,2
BRDA:87,0,1,3
BRDA:93,0,0,10
BRDA:93,0,1,12
BRDA:93,1,2,5
BRDA:93,1,3,5
BRDA:94,0,0,1
BRDA:94,0,1,4
BRDA:96,0,0,2
BRDA:96,0,1,3
BRDA:98,0,0,1
BRDA:98,0,1,4
BRDA:100,0,0,1
BRDA:100,0,1,4
BRDA:106,0,0,10
BRDA:106,0,1,12
BRDA:106,1,2,5
BRDA:106,1,3,5
BRDA:107,0,0,2
BRDA:107,0,1,3
BRDA:109,0,0,2
BRDA:109,0,1,3
BRDA:111,0,0,2
BRDA:111,0,1,3
BRDA:113,0,0,2
BRDA:113,0,1,3
BRDA:123,0,0,1
BRDA:123,0,1,1
BRDA:123,0,2,0
BRDA:123,0,3,0
BRDA:123,0,4,2
BRDA:123,0,5,1
BRDA:123,0,6,0
BRDA:123,0,7,0
BRDA:123,0,8,0
BRDA:123,0,9,1
BRDA:123,0,10,1
BRDA:123,0,11,0
BRF:66
BRH:60
DA:25,27
DA:31,27
DA:34,1
DA:43,26
DA:46,1
DA:47,1
DA:49,1
DA:50,1
DA:52,20
DA:53,20
DA:55,4
DA:59,27
DA:62,22
DA:67,22
DA:68,7
DA:69,2
DA:70,7
DA:71,2
DA:72,7
DA:73,3
DA:74,7
DA:75,4
DA:80,22
DA:81,5
DA:82,2
DA:83,5
DA:84,2
DA:85,5
DA:86,2
DA:87,5
DA:88,2
DA:93,22
DA:94,5
DA:95,1
DA:96,5
DA:97,2
DA:98,5
DA:99,1
DA:100,5
DA:101,1
DA:106,22
DA:107,5
DA:108,2
DA:109,5
DA:110,2
DA:111,5
DA:112,2
DA:113,5
DA:114,22
DA:119,7
DA:123,7
DA:126,1
DA:127,1
DA:129,1
DA:130,1
DA:132,0
DA:134,0
DA:136,2
DA:137,2
DA:139,1
DA:140,1
DA:142,0
DA:143,0
DA:145,0
DA:146,0
DA:148,0
DA:149,0
DA:151,1
DA:152,1
DA:154,7
LF:70
LH:62
end_of_record
TN:
SF:/home/kralleman/Programming/moto10/moto/moto/src/moto_driver_functions.c
FN:57,moto_startMotors
FN:86,moto_stopMotors
FN:114,moto_hover
FN:145,moto_goForward
FN:160,moto_goBackward
FN:178,moto_strafeRight
FN:183,moto_strafeLeft
FN:204,moto_rotateLeft
FN:211,moto_rotateRight
FN:232,moto_increaseAllNormal
FN:241,moto_increaseAllPanic
FN:264,moto_decreaseAllNormal
FN:273,moto_decreaseAllPanic
FN:304,moto_increaseLeftNormal
FN:317,moto_increaseRightNormal
FN:330,moto_increaseFrontNormal
FN:343,moto_increaseRearNormal
FN:356,moto_increaseLeftPanic
FN:369,moto_increaseRightPanic
FN:382,moto_increaseFrontPanic
FN:395,moto_increaseRearPanic
FN:430,moto_decreaseRightNormal
FN:443,moto_decreaseLeftNormal
FN:456,moto_decreaseFrontNormal
FN:469,moto_decreaseRearNormal
FN:482,moto_decreaseLeftPanic
FN:495,moto_decreaseRightPanic
FN:508,moto_decreaseFrontPanic
FN:521,moto_decreaseRearPanic
FN:548,printMotorStatus
FN:579,moto_LimitIncrease
FN:589,moto_LimitDecrease
FN:610,moto_map
FNDA:3,moto_startMotors
FNDA:2,moto_stopMotors
FNDA:1,moto_hover
FNDA:2,moto_goForward
FNDA:2,moto_goBackward
FNDA:2,moto_strafeRight
FNDA:2,moto_strafeLeft
FNDA:1,moto_rotateLeft
FNDA:1,moto_rotateRight
FNDA:4,moto_increaseAllNormal
FNDA:4,moto_increaseAllPanic
FNDA:4,moto_decreaseAllNormal
FNDA:5,moto_decreaseAllPanic
FNDA:9,moto_increaseLeftNormal
FNDA:9,moto_increaseRightNormal
FNDA:10,moto_increaseFrontNormal
FNDA:11,moto_increaseRearNormal
FNDA:6,moto_increaseLeftPanic
FNDA:6,moto_increaseRightPanic
FNDA:6,moto_increaseFrontPanic
FNDA:6,moto_increaseRearPanic
FNDA:9,moto_decreaseRightNormal
FNDA:8,moto_decreaseLeftNormal
FNDA:8,moto_decreaseFrontNormal
FNDA:8,moto_decreaseRearNormal
FNDA:7,moto_decreaseLeftPanic
FNDA:7,moto_decreaseRightPanic
FNDA:7,moto_decreaseFrontPanic
FNDA:7,moto_decreaseRearPanic
FNDA:0,printMotorStatus
FNDA:63,moto_LimitIncrease
FNDA:61,moto_LimitDecrease
FNDA:124,moto_map
FNF:33
FNH:32
BRDA:581,0,0,47
BRDA:581,0,1,16
BRDA:591,0,0,43
BRDA:591,0,1,18
BRDA:647,0,0,124
BRDA:647,0,1,0
BRDA:655,0,0,124
BRDA:655,0,1,0
BRDA:655,1,2,124
BRDA:655,1,3,0
BRDA:658,0,0,-
BRDA:658,0,1,-
BRDA:661,0,0,-
BRDA:661,0,1,-
BRF:14
BRH:7
DA:57,3
DA:58,3
DA:59,3
DA:60,3
DA:61,3
DA:68,3
DA:69,3
DA:70,3
DA:71,3
DA:75,3
DA:86,2
DA:87,2
DA:88,2
DA:89,2
DA:90,2
DA:97,2
DA:98,2
DA:99,2
DA:100,2
DA:104,2
DA:114,1
DA:115,1
DA:116,1
DA:117,1
DA:118,1
DA:125,1
DA:126,1
DA:127,1
DA:128,1
DA:132,1
DA:145,2
DA:146,2
DA:147,2
DA:148,2
DA:160,2
DA:161,2
DA:162,2
DA:163,2
DA:178,2
DA:179,2
DA:180,2
DA:181,2
DA:183,2
DA:184,2
DA:185,2
DA:186,2
DA:204,1
DA:205,1
DA:206,1
DA:207,1
DA:208,1
DA:209,1
DA:211,1
DA:212,1
DA:213,1
DA:214,1
DA:215,1
DA:216,1
DA:232,4
DA:233,4
DA:234,4
DA:235,4
DA:236,4
DA:239,4
DA:241,4
DA:242,4
DA:243,4
DA:244,4
DA:245,4
DA:248,4
DA:264,4
DA:265,4
DA:266,4
DA:267,4
DA:268,4
DA:271,4
DA:273,5
DA:274,5
DA:275,5
DA:276,5
DA:277,5
DA:280,5
DA:304,9
DA:305,9
DA:310,9
DA:315,9
DA:317,9
DA:318,9
DA:323,9
DA:328,9
DA:330,10
DA:331,10
DA:336,10
DA:341,10
DA:343,11
DA:344,11
DA:349,11
DA:354,11
DA:356,6
DA:357,6
DA:362,6
DA:367,6
DA:369,6
DA:370,6
DA:375,6
DA:380,6
DA:382,6
DA:383,6
DA:388,6
DA:393,6
DA:395,6
DA:396,6
DA:401,6
DA:406,6
DA:430,9
DA:431,9
DA:436,9
DA:441,9
DA:443,8
DA:444,8
DA:449,8
DA:454,8
DA:456,8
DA:457,8
DA:462,8
DA:467,8
DA:469,8
DA:470,8
DA:475,8
DA:480,8
DA:482,7
DA:483,7
DA:488,7
DA:493,7
DA:495,7
DA:496,7
DA:501,7
DA:506,7
DA:508,7
DA:509,7
DA:514,7
DA:519,7
DA:521,7
DA:522,7
DA:527,7
DA:532,7
DA:548,0
DA:567,0
DA:579,63
DA:581,63
DA:582,47
DA:585,63
DA:589,61
DA:591,61
DA:592,43
DA:595,61
DA:610,124
DA:616,124
DA:617,124
DA:623,124
DA:637,124
DA:647,124
DA:648,124
DA:652,0
DA:655,124
DA:656,124
DA:658,0
DA:659,0
DA:661,0
DA:662,0
DA:664,124
LF:171
LH:164
end_of_record
TN:
SF:/home/kralleman/Programming/moto10/moto/moto/src/moto_interface.c
FN:56,moto_init
FN:77,moto_run
FNDA:0,moto_init
FNDA:0,moto_run
FNF:2
FNH:0
BRDA:88,0,0,-
BRDA:88,0,1,-
BRDA:135,0,0,-
BRDA:135,0,1,-
BRDA:140,0,0,-
BRDA:140,0,1,-
BRDA:158,0,0,-
BRDA:158,0,1,-
BRDA:164,0,0,-
BRDA:164,0,1,-
BRF:10
BRH:0
DA:56,0
DA:69,0
DA:70,0
DA:77,0
DA:78,0
DA:88,0
DA:97,0
DA:98,0
DA:99,0
DA:100,0
DA:101,0
DA:102,0
DA:126,0
DA:127,0
DA:135,0
DA:140,0
DA:143,0
DA:150,0
DA:158,0
DA:161,0
DA:164,0
DA:167,0
DA:170,0
DA:172,0
DA:173,0
DA:176,0
DA:178,0
LF:27
LH:0
end_of_record
TN:
SF:/home/kralleman/Programming/moto10/moto/proto_mega/src/proto_ca.c
FN:24,proto_write_raw
FN:36,proto_read_yaw
FNDA:0,proto_write_raw
FNDA:0,proto_read_yaw
FNF:2
FNH:0
DA:24,0
DA:25,0
DA:27,0
DA:33,0
DA:36,0
DA:38,0
DA:43,0
LF:7
LH:0
end_of_record
TN:
SF:/home/kralleman/Programming/moto10/moto/moto/src/moto_msg_manipulation.c
FN:29,printMsg
FNDA:0,printMsg
FNF:1
FNH:0
DA:29,0
DA:74,0
LF:2
LH:0
end_of_record
TN:
SF:/home/kralleman/Programming/moto10/moto/moto/test/cunit_moto_driver_functions.c
FN:42,temp_copy
FN:53,test_moto_startMotors
FN:66,test_moto_stopMotors
FN:79,test_moto_increaseAllNormal
FN:126,test_moto_decreaseAllNormal
FN:165,test_moto_increaseAllPanic
FN:207,test_moto_decreaseAllPanic
FN:256,test_moto_hover
FN:361,test_moto_goForward
FN:458,test_moto_goBackward
FN:531,test_moto_strafeRight
FN:590,test_moto_strafeLeft
FN:644,test_moto_rotateLeft
FN:710,test_moto_rotateRight
FN:796,test_moto_specialCommands
FNDA:13,temp_copy
FNDA:1,test_moto_startMotors
FNDA:1,test_moto_stopMotors
FNDA:1,test_moto_increaseAllNormal
FNDA:1,test_moto_decreaseAllNormal
FNDA:1,test_moto_increaseAllPanic
FNDA:1,test_moto_decreaseAllPanic
FNDA:0,test_moto_hover
FNDA:0,test_moto_goForward
FNDA:0,test_moto_goBackward
FNDA:0,test_moto_strafeRight
FNDA:0,test_moto_strafeLeft
FNDA:0,test_moto_rotateLeft
FNDA:0,test_moto_rotateRight
FNDA:1,test_moto_specialCommands
FNF:15
FNH:8
DA:42,13
DA:43,13
DA:44,13
DA:45,13
DA:46,13
DA:47,13
DA:53,1
DA:55,1
DA:56,1
DA:57,1
DA:58,1
DA:59,1
DA:60,1
DA:66,1
DA:68,1
DA:69,1
DA:70,1
DA:71,1
DA:72,1
DA:73,1
DA:79,1
DA:81,1
DA:82,1
DA:84,1
DA:86,1
DA:87,1
DA:88,1
DA:89,1
DA:95,1
DA:96,1
DA:97,1
DA:98,1
DA:100,1
DA:102,1
DA:103,1
DA:104,1
DA:105,1
DA:106,1
DA:108,1
DA:110,1
DA:111,1
DA:112,1
DA:113,1
DA:114,1
DA:116,1
DA:117,1
DA:118,1
DA:119,1
DA:120,1
DA:121,1
DA:126,1
DA:128,1
DA:130,1
DA:131,1
DA:132,1
DA:133,1
DA:134,1
DA:136,1
DA:137,1
DA:138,1
DA:139,1
DA:141,1
DA:143,1
DA:144,1
DA:145,1
DA:146,1
DA:147,1
DA:149,1
DA:151,1
DA:152,1
DA:153,1
DA:154,1
DA:155,1
DA:157,1
DA:158,1
DA:159,1
DA:160,1
DA:161,1
DA:163,1
DA:165,1
DA:167,1
DA:168,1
DA:170,1
DA:171,1
DA:172,1
DA:173,1
DA:179,1
DA:180,1
DA:181,1
DA:182,1
DA:184,1
DA:186,1
DA:187,1
DA:188,1
DA:189,1
DA:190,1
DA:192,1
DA:194,1
DA:195,1
DA:196,1
DA:197,1
DA:198,1
DA:200,1
DA:201,1
DA:202,1
DA:203,1
DA:204,1
DA:205,1
DA:207,1
DA:211,1
DA:213,1
DA:214,1
DA:215,1
DA:216,1
DA:217,1
DA:219,1
DA:220,1
DA:221,1
DA:222,1
DA:225,1
DA:227,1
DA:228,1
DA:229,1
DA:230,1
DA:231,1
DA:233,1
DA:235,1
DA:236,1
DA:237,1
DA:238,1
DA:239,1
DA:241,1
DA:242,1
DA:243,1
DA:244,1
DA:245,1
DA:247,1
DA:256,0
DA:261,0
DA:262,0
DA:263,0
DA:264,0
DA:265,0
DA:267,0
DA:268,0
DA:269,0
DA:270,0
DA:272,0
DA:273,0
DA:274,0
DA:275,0
DA:276,0
DA:278,0
DA:279,0
DA:280,0
DA:281,0
DA:283,0
DA:284,0
DA:285,0
DA:286,0
DA:287,0
DA:290,0
DA:291,0
DA:292,0
DA:293,0
DA:297,0
DA:298,0
DA:300,0
DA:302,0
DA:304,0
DA:306,0
DA:308,0
DA:309,0
DA:311,0
DA:313,0
DA:315,0
DA:317,0
DA:319,0
DA:320,0
DA:321,0
DA:322,0
DA:323,0
DA:325,0
DA:326,0
DA:327,0
DA:328,0
DA:330,0
DA:331,0
DA:333,0
DA:335,0
DA:337,0
DA:339,0
DA:341,0
DA:342,0
DA:344,0
DA:346,0
DA:348,0
DA:350,0
DA:352,0
DA:353,0
DA:354,0
DA:355,0
DA:356,0
DA:359,0
DA:361,0
DA:372,0
DA:373,0
DA:374,0
DA:375,0
DA:377,0
DA:378,0
DA:380,0
DA:381,0
DA:382,0
DA:383,0
DA:385,0
DA:386,0
DA:387,0
DA:389,0
DA:390,0
DA:391,0
DA:393,0
DA:394,0
DA:395,0
DA:397,0
DA:398,0
DA:399,0
DA:402,0
DA:403,0
DA:407,0
DA:408,0
DA:409,0
DA:410,0
DA:412,0
DA:413,0
DA:414,0
DA:416,0
DA:417,0
DA:418,0
DA:420,0
DA:421,0
DA:422,0
DA:424,0
DA:425,0
DA:426,0
DA:428,0
DA:429,0
DA:430,0
DA:432,0
DA:433,0
DA:434,0
DA:436,0
DA:437,0
DA:438,0
DA:440,0
DA:441,0
DA:442,0
DA:444,0
DA:445,0
DA:446,0
DA:448,0
DA:449,0
DA:450,0
DA:452,0
DA:453,0
DA:454,0
DA:456,0
DA:458,0
DA:473,0
DA:474,0
DA:475,0
DA:477,0
DA:478,0
DA:479,0
DA:480,0
DA:484,0
DA:485,0
DA:487,0
DA:488,0
DA:490,0
DA:491,0
DA:492,0
DA:493,0
DA:495,0
DA:496,0
DA:498,0
DA:499,0
DA:501,0
DA:502,0
DA:503,0
DA:504,0
DA:506,0
DA:507,0
DA:508,0
DA:509,0
DA:511,0
DA:512,0
DA:515,0
DA:516,0
DA:517,0
DA:518,0
DA:519,0
DA:521,0
DA:522,0
DA:524,0
DA:525,0
DA:526,0
DA:527,0
DA:529,0
DA:531,0
DA:544,0
DA:545,0
DA:546,0
DA:548,0
DA:549,0
DA:550,0
DA:551,0
DA:553,0
DA:554,0
DA:555,0
DA:556,0
DA:561,0
DA:562,0
DA:564,0
DA:565,0
DA:566,0
DA:567,0
DA:569,0
DA:570,0
DA:571,0
DA:572,0
DA:574,0
DA:575,0
DA:576,0
DA:577,0
DA:579,0
DA:580,0
DA:582,0
DA:583,0
DA:584,0
DA:585,0
DA:588,0
DA:590,0
DA:603,0
DA:604,0
DA:605,0
DA:607,0
DA:608,0
DA:609,0
DA:610,0
DA:612,0
DA:613,0
DA:615,0
DA:616,0
DA:618,0
DA:619,0
DA:620,0
DA:621,0
DA:623,0
DA:624,0
DA:625,0
DA:626,0
DA:628,0
DA:629,0
DA:630,0
DA:631,0
DA:632,0
DA:634,0
DA:635,0
DA:637,0
DA:638,0
DA:639,0
DA:640,0
DA:642,0
DA:644,0
DA:657,0
DA:658,0
DA:659,0
DA:661,0
DA:662,0
DA:663,0
DA:664,0
DA:667,0
DA:668,0
DA:670,0
DA:671,0
DA:672,0
DA:673,0
DA:675,0
DA:676,0
DA:677,0
DA:678,0
DA:679,0
DA:680,0
DA:681,0
DA:683,0
DA:684,0
DA:685,0
DA:686,0
DA:688,0
DA:689,0
DA:690,0
DA:691,0
DA:692,0
DA:693,0
DA:695,0
DA:696,0
DA:697,0
DA:698,0
DA:700,0
DA:701,0
DA:703,0
DA:704,0
DA:705,0
DA:706,0
DA:708,0
DA:710,0
DA:723,0
DA:724,0
DA:725,0
DA:727,0
DA:728,0
DA:729,0
DA:730,0
DA:732,0
DA:733,0
DA:735,0
DA:736,0
DA:737,0
DA:738,0
DA:740,0
DA:741,0
DA:742,0
DA:743,0
DA:745,0
DA:746,0
DA:747,0
DA:748,0
DA:750,0
DA:751,0
DA:752,0
DA:753,0
DA:754,0
DA:755,0
DA:756,0
DA:758,0
DA:759,0
DA:760,0
DA:761,0
DA:763,0
DA:764,0
DA:765,0
DA:766,0
DA:767,0
DA:768,0
DA:770,0
DA:771,0
DA:772,0
DA:773,0
DA:774,0
DA:775,0
DA:776,0
DA:778,0
DA:779,0
DA:783,0
DA:784,0
DA:785,0
DA:786,0
DA:787,0
DA:788,0
DA:790,0
DA:796,1
DA:797,1
DA:798,1
DA:799,1
DA:800,1
DA:801,1
DA:802,1
DA:803,1
DA:804,1
DA:805,1
DA:806,1
DA:807,1
DA:808,1
DA:809,1
DA:810,1
DA:811,1
DA:812,1
DA:813,1
DA:814,1
DA:815,1
DA:816,1
DA:817,1
DA:818,1
DA:819,1
DA:820,1
DA:821,1
DA:822,1
DA:823,1
DA:824,1
DA:825,1
DA:826,1
DA:828,1
LF:503
LH:169
end_of_record
TN:
SF:/home/kralleman/Programming/moto10/moto/moto/test/cunit_moto_msg_handler.c
FN:37,current_value
FN:46,test_moto_examineID
FN:59,test_moto_examineID_bad_msg
FN:73,test_moto_controlMotors
FN:101,test_moto_specialMotorCommand
FN:140,test_examineID_start
FN:170,examineID_controlMotors
FN:486,examineID_specialCommands
FN:555,test_examineID_stop
FNDA:25,current_value
FNDA:1,test_moto_examineID
FNDA:1,test_moto_examineID_bad_msg
FNDA:1,test_moto_controlMotors
FNDA:1,test_moto_specialMotorCommand
FNDA:1,test_examineID_start
FNDA:1,examineID_controlMotors
FNDA:1,examineID_specialCommands
FNDA:1,test_examineID_stop
FNF:9
FNH:9
DA:37,25
DA:38,25
DA:39,25
DA:40,25
DA:41,25
DA:42,25
DA:46,1
DA:49,1
DA:50,1
DA:51,1
DA:53,1
DA:54,1
DA:59,1
DA:62,1
DA:63,1
DA:64,1
DA:65,1
DA:66,1
DA:73,1
DA:74,1
DA:75,1
DA:76,1
DA:77,1
DA:80,1
DA:81,1
DA:82,1
DA:83,1
DA:84,1
DA:85,1
DA:86,1
DA:87,1
DA:90,1
DA:91,1
DA:92,1
DA:93,1
DA:94,1
DA:95,1
DA:96,1
DA:97,1
DA:99,1
DA:101,1
DA:104,1
DA:105,1
DA:106,1
DA:107,1
DA:108,1
DA:109,1
DA:110,1
DA:111,1
DA:113,1
DA:114,1
DA:115,1
DA:116,1
DA:117,1
DA:118,1
DA:119,1
DA:120,1
DA:122,1
DA:123,1
DA:124,1
DA:125,1
DA:126,1
DA:127,1
DA:128,1
DA:129,1
DA:130,1
DA:131,1
DA:132,1
DA:133,1
DA:134,1
DA:140,1
DA:143,1
DA:145,1
DA:146,1
DA:147,1
DA:148,1
DA:149,1
DA:150,1
DA:151,1
DA:153,1
DA:155,1
DA:156,1
DA:157,1
DA:158,1
DA:160,1
DA:162,1
DA:170,1
DA:172,1
DA:174,1
DA:175,1
DA:176,1
DA:177,1
DA:178,1
DA:179,1
DA:180,1
DA:181,1
DA:182,1
DA:183,1
DA:184,1
DA:185,1
DA:186,1
DA:187,1
DA:189,1
DA:193,1
DA:194,1
DA:195,1
DA:196,1
DA:197,1
DA:198,1
DA:199,1
DA:201,1
DA:203,1
DA:204,1
DA:205,1
DA:206,1
DA:208,1
DA:230,1
DA:231,1
DA:232,1
DA:233,1
DA:234,1
DA:235,1
DA:236,1
DA:238,1
DA:240,1
DA:241,1
DA:242,1
DA:243,1
DA:245,1
DA:249,1
DA:250,1
DA:251,1
DA:252,1
DA:253,1
DA:254,1
DA:255,1
DA:257,1
DA:258,1
DA:259,1
DA:263,1
DA:264,1
DA:265,1
DA:266,1
DA:267,1
DA:268,1
DA:269,1
DA:271,1
DA:272,1
DA:273,1
DA:277,1
DA:278,1
DA:279,1
DA:280,1
DA:281,1
DA:282,1
DA:283,1
DA:285,1
DA:286,1
DA:287,1
DA:292,1
DA:293,1
DA:294,1
DA:295,1
DA:296,1
DA:297,1
DA:298,1
DA:300,1
DA:301,1
DA:302,1
DA:306,1
DA:307,1
DA:308,1
DA:309,1
DA:310,1
DA:311,1
DA:312,1
DA:314,1
DA:315,1
DA:316,1
DA:320,1
DA:321,1
DA:322,1
DA:323,1
DA:324,1
DA:325,1
DA:326,1
DA:328,1
DA:329,1
DA:330,1
DA:334,1
DA:335,1
DA:336,1
DA:337,1
DA:338,1
DA:339,1
DA:340,1
DA:342,1
DA:343,1
DA:344,1
DA:348,1
DA:349,1
DA:350,1
DA:351,1
DA:352,1
DA:353,1
DA:354,1
DA:356,1
DA:358,1
DA:360,1
DA:364,1
DA:365,1
DA:366,1
DA:367,1
DA:368,1
DA:369,1
DA:370,1
DA:372,1
DA:374,1
DA:376,1
DA:380,1
DA:381,1
DA:382,1
DA:383,1
DA:384,1
DA:385,1
DA:386,1
DA:388,1
DA:390,1
DA:392,1
DA:395,1
DA:396,1
DA:397,1
DA:398,1
DA:399,1
DA:400,1
DA:401,1
DA:403,1
DA:405,1
DA:407,1
DA:410,1
DA:411,1
DA:412,1
DA:413,1
DA:414,1
DA:415,1
DA:416,1
DA:418,1
DA:420,1
DA:422,1
DA:425,1
DA:426,1
DA:427,1
DA:428,1
DA:429,1
DA:430,1
DA:431,1
DA:433,1
DA:435,1
DA:437,1
DA:440,1
DA:441,1
DA:442,1
DA:443,1
DA:444,1
DA:445,1
DA:446,1
DA:448,1
DA:450,1
DA:452,1
DA:455,1
DA:456,1
DA:457,1
DA:458,1
DA:459,1
DA:460,1
DA:461,1
DA:463,1
DA:465,1
DA:467,1
DA:470,1
DA:471,1
DA:472,1
DA:473,1
DA:474,1
DA:475,1
DA:476,1
DA:478,1
DA:480,1
DA:482,1
DA:483,1
DA:484,1
DA:486,1
DA:488,1
DA:490,1
DA:491,1
DA:492,1
DA:493,1
DA:494,1
DA:495,1
DA:496,1
DA:498,1
DA:499,1
DA:500,1
DA:501,1
DA:504,1
DA:505,1
DA:506,1
DA:507,1
DA:508,1
DA:509,1
DA:510,1
DA:512,1
DA:513,1
DA:514,1
DA:515,1
DA:518,1
DA:519,1
DA:520,1
DA:521,1
DA:522,1
DA:523,1
DA:524,1
DA:526,1
DA:527,1
DA:528,1
DA:529,1
DA:532,1
DA:533,1
DA:534,1
DA:535,1
DA:536,1
DA:537,1
DA:538,1
DA:540,1
DA:541,1
DA:542,1
DA:543,1
DA:547,1
DA:548,1
DA:555,1
DA:557,1
DA:558,1
DA:559,1
DA:560,1
DA:561,1
DA:562,1
DA:563,1
DA:566,1
DA:568,1
DA:569,1
DA:570,1
DA:571,1
DA:573,1
DA:574,1
DA:575,1
LF:355
LH:355
end_of_record
TN:
SF:/home/kralleman/Programming/moto10/moto/proto_mega/src/proto_cam_conn.c
FN:22,proto_write_camera
FN:32,proto_read_camera
FN:44,proto_write_connect
FN:54,proto_read_connect
FNDA:0,proto_write_camera
FNDA:0,proto_read_camera
FNDA:0,proto_write_connect
FNDA:0,proto_read_connect
FNF:4
FNH:0
DA:22,0
DA:23,0
DA:25,0
DA:30,0
DA:32,0
DA:33,0
DA:34,0
DA:36,0
DA:41,0
DA:44,0
DA:45,0
DA:47,0
DA:52,0
DA:54,0
DA:55,0
DA:56,0
DA:58,0
DA:63,0
LF:18
LH:0
end_of_record
TN:
SF:/home/kralleman/Programming/moto10/moto/moto/src/move_stub.c
FN:7,move_init
FN:17,move_run
FN:43,scanHexMsgSTDIN
FNDA:0,move_init
FNDA:0,move_run
FNDA:0,scanHexMsgSTDIN
FNF:3
FNH:0
BRDA:67,9999,0,-
BRDA:67,9999,1,-
BRF:2
BRH:0
DA:7,0
DA:14,0
DA:17,0
DA:18,0
DA:19,0
DA:28,0
DA:29,0
DA:30,0
DA:31,0
DA:32,0
DA:33,0
DA:34,0
DA:35,0
DA:36,0
DA:40,0
DA:43,0
DA:66,0
DA:67,0
DA:68,0
DA:71,0
DA:72,0
LF:21
LH:0
end_of_record
